<?xml version="1.0" encoding="UTF-8"?>
<testsuite name="testSuite.JuiceShopTest" tests="1" skipped="0" failures="0" errors="0" timestamp="2023-11-12T23:18:41" hostname="SERGIO" time="19.96">
  <properties/>
  <testcase name="verifyLoginSuccessfully()" classname="testSuite.JuiceShopTest" time="19.96"/>
  <system-out><![CDATA[]]></system-out>
  <system-err><![CDATA[]]></system-err>
</testsuite>
